# JRE version: OpenJDK Runtime Environment (17.0.9) (build 17.0.9+0--11185874)
# Java VM: OpenJDK 64-Bit Server VM (17.0.9+0--11185874, mixed mode, tiered, compressed oops, compressed class ptrs, g1 gc, windows-amd64)
GC Precious Log:
 CPUs: 8 total, 8 available
 Memory: 5989M
 Large Page Support: Disabled
 NUMA Support: Disabled
 Compressed Oops: Enabled (32-bit)
 Heap Region Size: 1M
 Heap Min Capacity: 8M
 Heap Initial Capacity: 94M
 Heap Max Capacity: 2G
 Pre-touch: Disabled
 Parallel Workers: 8
 Concurrent Workers: 2
 Concurrent Refinement Workers: 8
 Periodic GC: Disabled
Heap:
 garbage-first heap   total 155648K, used 71149K [0x0000000080000000, 0x0000000100000000)
  region size 1024K, 10 young (10240K), 2 survivors (2048K)
 Metaspace       used 61402K, committed 61952K, reserved 1114112K
  class space    used 8354K, committed 8640K, reserved 1048576K
GC Heap History (20 events):
Event: 7.662 GC heap before
{Heap before GC invocations=12 (full 0):
 garbage-first heap   total 82944K, used 63415K [0x0000000080000000, 0x0000000100000000)
  region size 1024K, 35 young (35840K), 4 survivors (4096K)
 Metaspace       used 49019K, committed 49536K, reserved 1114112K
  class space    used 6618K, committed 6848K, reserved 1048576K
}
Event: 7.665 GC heap after
{Heap after GC invocations=13 (full 0):
 garbage-first heap   total 82944K, used 33364K [0x0000000080000000, 0x0000000100000000)
  region size 1024K, 4 young (4096K), 4 survivors (4096K)
 Metaspace       used 49019K, committed 49536K, reserved 1114112K
  class space    used 6618K, committed 6848K, reserved 1048576K
}
Event: 8.252 GC heap before
{Heap before GC invocations=13 (full 0):
 garbage-first heap   total 82944K, used 64084K [0x0000000080000000, 0x0000000100000000)
  region size 1024K, 34 young (34816K), 4 survivors (4096K)
 Metaspace       used 53000K, committed 53504K, reserved 1114112K
  class space    used 7275K, committed 7488K, reserved 1048576K
}
Event: 8.256 GC heap after
{Heap after GC invocations=14 (full 0):
 garbage-first heap   total 82944K, used 35197K [0x0000000080000000, 0x0000000100000000)
  region size 1024K, 4 young (4096K), 4 survivors (4096K)
 Metaspace       used 53000K, committed 53504K, reserved 1114112K
  class space    used 7275K, committed 7488K, reserved 1048576K
}
Event: 9.910 GC heap before
{Heap before GC invocations=14 (full 0):
 garbage-first heap   total 82944K, used 64893K [0x0000000080000000, 0x0000000100000000)
  region size 1024K, 33 young (33792K), 4 survivors (4096K)
 Metaspace       used 55561K, committed 56000K, reserved 1114112K
  class space    used 7622K, committed 7808K, reserved 1048576K
}
Event: 9.915 GC heap after
{Heap after GC invocations=15 (full 0):
 garbage-first heap   total 82944K, used 38486K [0x0000000080000000, 0x0000000100000000)
  region size 1024K, 5 young (5120K), 5 survivors (5120K)
 Metaspace       used 55561K, committed 56000K, reserved 1114112K
  class space    used 7622K, committed 7808K, reserved 1048576K
}
Event: 10.605 GC heap before
{Heap before GC invocations=15 (full 0):
 garbage-first heap   total 82944K, used 65110K [0x0000000080000000, 0x0000000100000000)
  region size 1024K, 29 young (29696K), 5 survivors (5120K)
 Metaspace       used 56094K, committed 56640K, reserved 1114112K
  class space    used 7673K, committed 7936K, reserved 1048576K
}
Event: 10.612 GC heap after
{Heap after GC invocations=16 (full 0):
 garbage-first heap   total 82944K, used 47462K [0x0000000080000000, 0x0000000100000000)
  region size 1024K, 4 young (4096K), 4 survivors (4096K)
 Metaspace       used 56094K, committed 56640K, reserved 1114112K
  class space    used 7673K, committed 7936K, reserved 1048576K
}
Event: 11.117 GC heap before
{Heap before GC invocations=17 (full 0):
 garbage-first heap   total 87040K, used 73062K [0x0000000080000000, 0x0000000100000000)
  region size 1024K, 21 young (21504K), 4 survivors (4096K)
 Metaspace       used 56786K, committed 57344K, reserved 1114112K
  class space    used 7791K, committed 8064K, reserved 1048576K
}
Event: 11.122 GC heap after
{Heap after GC invocations=18 (full 0):
 garbage-first heap   total 87040K, used 62280K [0x0000000080000000, 0x0000000100000000)
  region size 1024K, 3 young (3072K), 3 survivors (3072K)
 Metaspace       used 56786K, committed 57344K, reserved 1114112K
  class space    used 7791K, committed 8064K, reserved 1048576K
}
Event: 11.149 GC heap before
{Heap before GC invocations=18 (full 0):
 garbage-first heap   total 87040K, used 62280K [0x0000000080000000, 0x0000000100000000)
  region size 1024K, 4 young (4096K), 3 survivors (3072K)
 Metaspace       used 56871K, committed 57408K, reserved 1114112K
  class space    used 7803K, committed 8064K, reserved 1048576K
}
Event: 11.153 GC heap after
{Heap after GC invocations=19 (full 0):
 garbage-first heap   total 87040K, used 62472K [0x0000000080000000, 0x0000000100000000)
  region size 1024K, 1 young (1024K), 1 survivors (1024K)
 Metaspace       used 56871K, committed 57408K, reserved 1114112K
  class space    used 7803K, committed 8064K, reserved 1048576K
}
Event: 11.265 GC heap before
{Heap before GC invocations=19 (full 0):
 garbage-first heap   total 87040K, used 67592K [0x0000000080000000, 0x0000000100000000)
  region size 1024K, 8 young (8192K), 1 survivors (1024K)
 Metaspace       used 57296K, committed 57856K, reserved 1114112K
  class space    used 7838K, committed 8128K, reserved 1048576K
}
Event: 11.266 GC heap after
{Heap after GC invocations=20 (full 0):
 garbage-first heap   total 87040K, used 62899K [0x0000000080000000, 0x0000000100000000)
  region size 1024K, 1 young (1024K), 1 survivors (1024K)
 Metaspace       used 57296K, committed 57856K, reserved 1114112K
  class space    used 7838K, committed 8128K, reserved 1048576K
}
Event: 11.561 GC heap before
{Heap before GC invocations=21 (full 0):
 garbage-first heap   total 112640K, used 72115K [0x0000000080000000, 0x0000000100000000)
  region size 1024K, 10 young (10240K), 1 survivors (1024K)
 Metaspace       used 57989K, committed 58624K, reserved 1114112K
  class space    used 7928K, committed 8256K, reserved 1048576K
}
Event: 11.563 GC heap after
{Heap after GC invocations=22 (full 0):
 garbage-first heap   total 112640K, used 64241K [0x0000000080000000, 0x0000000100000000)
  region size 1024K, 1 young (1024K), 1 survivors (1024K)
 Metaspace       used 57989K, committed 58624K, reserved 1114112K
  class space    used 7928K, committed 8256K, reserved 1048576K
}
Event: 11.669 GC heap before
{Heap before GC invocations=22 (full 0):
 garbage-first heap   total 112640K, used 68337K [0x0000000080000000, 0x0000000100000000)
  region size 1024K, 5 young (5120K), 1 survivors (1024K)
 Metaspace       used 58301K, committed 58880K, reserved 1114112K
  class space    used 7975K, committed 8256K, reserved 1048576K
}
Event: 11.671 GC heap after
{Heap after GC invocations=23 (full 0):
 garbage-first heap   total 112640K, used 63235K [0x0000000080000000, 0x0000000100000000)
  region size 1024K, 1 young (1024K), 1 survivors (1024K)
 Metaspace       used 58301K, committed 58880K, reserved 1114112K
  class space    used 7975K, committed 8256K, reserved 1048576K
}
Event: 12.649 GC heap before
{Heap before GC invocations=23 (full 0):
 garbage-first heap   total 112640K, used 87811K [0x0000000080000000, 0x0000000100000000)
  region size 1024K, 26 young (26624K), 1 survivors (1024K)
 Metaspace       used 60735K, committed 61312K, reserved 1114112K
  class space    used 8269K, committed 8576K, reserved 1048576K
}
Event: 12.652 GC heap after
{Heap after GC invocations=24 (full 0):
 garbage-first heap   total 155648K, used 63981K [0x0000000080000000, 0x0000000100000000)
  region size 1024K, 2 young (2048K), 2 survivors (2048K)
 Metaspace       used 60735K, committed 61312K, reserved 1114112K
  class space    used 8269K, committed 8576K, reserved 1048576K
}

